<?xml version="1.0" encoding="UTF-8"?>
<testng-results ignored="0" total="8" passed="8" failed="0" skipped="0">
  <reporter-output>
  </reporter-output>
  <suite started-at="2023-07-24T11:09:50 IST" name="Default suite" finished-at="2023-07-24T11:09:51 IST" duration-ms="303">
    <groups>
    </groups>
    <test started-at="2023-07-24T11:09:50 IST" name="Default test" finished-at="2023-07-24T11:09:51 IST" duration-ms="303">
      <class name="testNGAnnotation_flags.Flag4">
        <test-method signature="d()[pri:0, instance:testNGAnnotation_flags.Flag4@4b741d6d]" started-at="2023-07-24T11:09:51 IST" name="d" finished-at="2023-07-24T11:09:51 IST" duration-ms="19" status="PASS">
          <reporter-output>
          </reporter-output>
        </test-method> <!-- d -->
        <test-method signature="e()[pri:0, instance:testNGAnnotation_flags.Flag4@4b741d6d]" started-at="2023-07-24T11:09:51 IST" name="e" finished-at="2023-07-24T11:09:51 IST" duration-ms="3" status="PASS">
          <reporter-output>
          </reporter-output>
        </test-method> <!-- e -->
        <test-method signature="f()[pri:0, instance:testNGAnnotation_flags.Flag4@4b741d6d]" started-at="2023-07-24T11:09:51 IST" name="f" finished-at="2023-07-24T11:09:51 IST" duration-ms="3" status="PASS">
          <reporter-output>
          </reporter-output>
        </test-method> <!-- f -->
        <test-method signature="i()[pri:0, instance:testNGAnnotation_flags.Flag4@4b741d6d]" started-at="2023-07-24T11:09:51 IST" name="i" finished-at="2023-07-24T11:09:51 IST" duration-ms="2" status="PASS">
          <reporter-output>
          </reporter-output>
        </test-method> <!-- i -->
        <test-method signature="k()[pri:1, instance:testNGAnnotation_flags.Flag4@4b741d6d]" started-at="2023-07-24T11:09:51 IST" name="k" finished-at="2023-07-24T11:09:51 IST" duration-ms="9" status="PASS">
          <reporter-output>
          </reporter-output>
        </test-method> <!-- k -->
        <test-method signature="p()[pri:1, instance:testNGAnnotation_flags.Flag4@4b741d6d]" started-at="2023-07-24T11:09:51 IST" name="p" finished-at="2023-07-24T11:09:51 IST" duration-ms="5" status="PASS">
          <reporter-output>
          </reporter-output>
        </test-method> <!-- p -->
        <test-method signature="m()[pri:2, instance:testNGAnnotation_flags.Flag4@4b741d6d]" started-at="2023-07-24T11:09:51 IST" name="m" finished-at="2023-07-24T11:09:51 IST" duration-ms="3" status="PASS">
          <reporter-output>
          </reporter-output>
        </test-method> <!-- m -->
        <test-method signature="z()[pri:3, instance:testNGAnnotation_flags.Flag4@4b741d6d]" started-at="2023-07-24T11:09:51 IST" name="z" finished-at="2023-07-24T11:09:51 IST" duration-ms="2" status="PASS">
          <reporter-output>
          </reporter-output>
        </test-method> <!-- z -->
      </class> <!-- testNGAnnotation_flags.Flag4 -->
    </test> <!-- Default test -->
  </suite> <!-- Default suite -->
</testng-results>
