<?xml version="1.0" encoding="UTF-8"?>
<testng-results ignored="0" total="1" passed="1" failed="0" skipped="0">
  <reporter-output>
    <line>
      <![CDATA[This method failed taken ScreenShot : validloginMethod]]>
    </line>
    <line>
      <![CDATA[This method failed taken ScreenShot : project_customerMethod]]>
    </line>
    <line>
      <![CDATA[This method failed taken ScreenShot : validloginMethod]]>
    </line>
    <line>
      <![CDATA[This method failed taken ScreenShot : createUserMethod]]>
    </line>
    <line>
      <![CDATA[This method failed taken ScreenShot : project_customerMethod]]>
    </line>
    <line>
      <![CDATA[This method failed taken ScreenShot : createUserMethod]]>
    </line>
  </reporter-output>
  <suite started-at="2023-08-01T15:49:17 IST" name="Suite" finished-at="2023-08-01T15:49:50 IST" duration-ms="32630">
    <groups>
    </groups>
    <test started-at="2023-08-01T15:49:17 IST" name="Test" finished-at="2023-08-01T15:49:50 IST" duration-ms="32630">
      <class name="testPackage.LoginTestCase">
        <test-method is-config="true" signature="setUp()[pri:0, instance:testPackage.LoginTestCase@18df8434]" started-at="2023-08-01T15:49:17 IST" name="setUp" finished-at="2023-08-01T15:49:21 IST" duration-ms="3938" status="PASS">
          <reporter-output>
          </reporter-output>
        </test-method> <!-- setUp -->
        <test-method is-config="true" signature="setUp()[pri:0, instance:testPackage.LoginTestCase@18df8434]" started-at="2023-08-01T15:49:36 IST" name="setUp" finished-at="2023-08-01T15:49:37 IST" duration-ms="1689" status="PASS">
          <reporter-output>
          </reporter-output>
        </test-method> <!-- setUp -->
        <test-method signature="inValidLoginMethod()[pri:0, instance:testPackage.LoginTestCase@18df8434]" started-at="2023-08-01T15:49:37 IST" name="inValidLoginMethod" finished-at="2023-08-01T15:49:50 IST" depends-on-methods="testPackage.LoginTestCase.validloginMethod" duration-ms="12260" status="PASS">
          <reporter-output>
          </reporter-output>
        </test-method> <!-- inValidLoginMethod -->
        <test-method is-config="true" signature="tearDown()[pri:0, instance:testPackage.LoginTestCase@18df8434]" started-at="2023-08-01T15:49:50 IST" name="tearDown" finished-at="2023-08-01T15:49:50 IST" duration-ms="243" status="PASS">
          <reporter-output>
          </reporter-output>
        </test-method> <!-- tearDown -->
      </class> <!-- testPackage.LoginTestCase -->
      <class name="testPackage.UserTestCase">
        <test-method is-config="true" signature="setUp()[pri:0, instance:testPackage.UserTestCase@470734c3]" started-at="2023-08-01T15:49:17 IST" name="setUp" finished-at="2023-08-01T15:49:21 IST" duration-ms="3807" status="PASS">
          <reporter-output>
          </reporter-output>
        </test-method> <!-- setUp -->
      </class> <!-- testPackage.UserTestCase -->
      <class name="testPackage.TaskTestCase">
        <test-method is-config="true" signature="setUp()[pri:0, instance:testPackage.TaskTestCase@2cf3d63b]" started-at="2023-08-01T15:49:17 IST" name="setUp" finished-at="2023-08-01T15:49:21 IST" duration-ms="3896" status="PASS">
          <reporter-output>
          </reporter-output>
        </test-method> <!-- setUp -->
      </class> <!-- testPackage.TaskTestCase -->
    </test> <!-- Test -->
  </suite> <!-- Suite -->
</testng-results>
